# JRE version: Java(TM) SE Runtime Environment (21.0.4+8) (build 21.0.4+8-LTS-274)
# Java VM: Java HotSpot(TM) 64-Bit Server VM (21.0.4+8-LTS-274, mixed mode, sharing, tiered, compressed oops, compressed class ptrs, g1 gc, windows-amd64)
GC Precious Log:
 CardTable entry size: 512
 Card Set container configuration: InlinePtr #cards 5 size 8 Array Of Cards #cards 12 size 40 Howl #buckets 4 coarsen threshold 1843 Howl Bitmap #cards 512 size 80 coarsen threshold 460 Card regions per heap region 1 cards per card region 2048
 CPUs: 16 total, 16 available
 Memory: 14188M
 Large Page Support: Disabled
 NUMA Support: Disabled
 Compressed Oops: Enabled (32-bit)
 Heap Region Size: 1M
 Heap Min Capacity: 8M
 Heap Initial Capacity: 222M
 Heap Max Capacity: 2G
 Pre-touch: Disabled
 Parallel Workers: 13
 Concurrent Workers: 3
 Concurrent Refinement Workers: 13
 Periodic GC: Disabled
Heap:
 garbage-first heap   total 165888K, used 95084K [0x0000000080000000, 0x0000000100000000)
  region size 1024K, 5 young (5120K), 4 survivors (4096K)
 Metaspace       used 81029K, committed 83392K, reserved 557056K
  class space    used 11478K, committed 12672K, reserved 425984K
GC Heap History (20 events):
Event: 12.733 GC heap before
{Heap before GC invocations=15 (full 0):
 garbage-first heap   total 117760K, used 113944K [0x0000000080000000, 0x0000000100000000)
  region size 1024K, 57 young (58368K), 7 survivors (7168K)
 Metaspace       used 66770K, committed 68800K, reserved 491520K
  class space    used 9544K, committed 10560K, reserved 425984K
}
Event: 12.740 GC heap after
{Heap after GC invocations=16 (full 0):
 garbage-first heap   total 128000K, used 67747K [0x0000000080000000, 0x0000000100000000)
  region size 1024K, 8 young (8192K), 8 survivors (8192K)
 Metaspace       used 66770K, committed 68800K, reserved 491520K
  class space    used 9544K, committed 10560K, reserved 425984K
}
Event: 13.272 GC heap before
{Heap before GC invocations=16 (full 0):
 garbage-first heap   total 128000K, used 111779K [0x0000000080000000, 0x0000000100000000)
  region size 1024K, 51 young (52224K), 8 survivors (8192K)
 Metaspace       used 69772K, committed 71872K, reserved 491520K
  class space    used 9935K, committed 10944K, reserved 425984K
}
Event: 13.279 GC heap after
{Heap after GC invocations=17 (full 0):
 garbage-first heap   total 128000K, used 70059K [0x0000000080000000, 0x0000000100000000)
  region size 1024K, 3 young (3072K), 3 survivors (3072K)
 Metaspace       used 69772K, committed 71872K, reserved 491520K
  class space    used 9935K, committed 10944K, reserved 425984K
}
Event: 14.611 GC heap before
{Heap before GC invocations=18 (full 0):
 garbage-first heap   total 128000K, used 116139K [0x0000000080000000, 0x0000000100000000)
  region size 1024K, 49 young (50176K), 3 survivors (3072K)
 Metaspace       used 71940K, committed 74048K, reserved 491520K
  class space    used 10224K, committed 11264K, reserved 425984K
}
Event: 14.615 GC heap after
{Heap after GC invocations=19 (full 0):
 garbage-first heap   total 128000K, used 72361K [0x0000000080000000, 0x0000000100000000)
  region size 1024K, 5 young (5120K), 5 survivors (5120K)
 Metaspace       used 71940K, committed 74048K, reserved 491520K
  class space    used 10224K, committed 11264K, reserved 425984K
}
Event: 15.983 GC heap before
{Heap before GC invocations=19 (full 0):
 garbage-first heap   total 128000K, used 115369K [0x0000000080000000, 0x0000000100000000)
  region size 1024K, 47 young (48128K), 5 survivors (5120K)
 Metaspace       used 74266K, committed 76480K, reserved 491520K
  class space    used 10547K, committed 11648K, reserved 425984K
}
Event: 15.989 GC heap after
{Heap after GC invocations=20 (full 0):
 garbage-first heap   total 128000K, used 74929K [0x0000000080000000, 0x0000000100000000)
  region size 1024K, 6 young (6144K), 6 survivors (6144K)
 Metaspace       used 74266K, committed 76480K, reserved 491520K
  class space    used 10547K, committed 11648K, reserved 425984K
}
Event: 17.478 GC heap before
{Heap before GC invocations=20 (full 0):
 garbage-first heap   total 128000K, used 112817K [0x0000000080000000, 0x0000000100000000)
  region size 1024K, 44 young (45056K), 6 survivors (6144K)
 Metaspace       used 77717K, committed 80000K, reserved 557056K
  class space    used 11131K, committed 12288K, reserved 425984K
}
Event: 17.486 GC heap after
{Heap after GC invocations=21 (full 0):
 garbage-first heap   total 128000K, used 78135K [0x0000000080000000, 0x0000000100000000)
  region size 1024K, 6 young (6144K), 6 survivors (6144K)
 Metaspace       used 77717K, committed 80000K, reserved 557056K
  class space    used 11131K, committed 12288K, reserved 425984K
}
Event: 20.104 GC heap before
{Heap before GC invocations=22 (full 0):
 garbage-first heap   total 135168K, used 112951K [0x0000000080000000, 0x0000000100000000)
  region size 1024K, 40 young (40960K), 6 survivors (6144K)
 Metaspace       used 78886K, committed 81152K, reserved 557056K
  class space    used 11277K, committed 12416K, reserved 425984K
}
Event: 20.110 GC heap after
{Heap after GC invocations=23 (full 0):
 garbage-first heap   total 135168K, used 81501K [0x0000000080000000, 0x0000000100000000)
  region size 1024K, 4 young (4096K), 4 survivors (4096K)
 Metaspace       used 78886K, committed 81152K, reserved 557056K
  class space    used 11277K, committed 12416K, reserved 425984K
}
Event: 21.739 GC heap before
{Heap before GC invocations=23 (full 0):
 garbage-first heap   total 135168K, used 121437K [0x0000000080000000, 0x0000000100000000)
  region size 1024K, 43 young (44032K), 4 survivors (4096K)
 Metaspace       used 80147K, committed 82496K, reserved 557056K
  class space    used 11445K, committed 12608K, reserved 425984K
}
Event: 21.745 GC heap after
{Heap after GC invocations=24 (full 0):
 garbage-first heap   total 135168K, used 85904K [0x0000000080000000, 0x0000000100000000)
  region size 1024K, 6 young (6144K), 6 survivors (6144K)
 Metaspace       used 80147K, committed 82496K, reserved 557056K
  class space    used 11445K, committed 12608K, reserved 425984K
}
Event: 22.516 GC heap before
{Heap before GC invocations=24 (full 0):
 garbage-first heap   total 135168K, used 119696K [0x0000000080000000, 0x0000000100000000)
  region size 1024K, 40 young (40960K), 6 survivors (6144K)
 Metaspace       used 80914K, committed 83328K, reserved 557056K
  class space    used 11472K, committed 12672K, reserved 425984K
}
Event: 22.524 GC heap after
{Heap after GC invocations=25 (full 0):
 garbage-first heap   total 135168K, used 90165K [0x0000000080000000, 0x0000000100000000)
  region size 1024K, 4 young (4096K), 4 survivors (4096K)
 Metaspace       used 80914K, committed 83328K, reserved 557056K
  class space    used 11472K, committed 12672K, reserved 425984K
}
Event: 22.762 GC heap before
{Heap before GC invocations=26 (full 0):
 garbage-first heap   total 165888K, used 119861K [0x0000000080000000, 0x0000000100000000)
  region size 1024K, 34 young (34816K), 4 survivors (4096K)
 Metaspace       used 80984K, committed 83392K, reserved 557056K
  class space    used 11472K, committed 12672K, reserved 425984K
}
Event: 22.769 GC heap after
{Heap after GC invocations=27 (full 0):
 garbage-first heap   total 165888K, used 91700K [0x0000000080000000, 0x0000000100000000)
  region size 1024K, 2 young (2048K), 2 survivors (2048K)
 Metaspace       used 80984K, committed 83392K, reserved 557056K
  class space    used 11472K, committed 12672K, reserved 425984K
}
Event: 23.220 GC heap before
{Heap before GC invocations=27 (full 0):
 garbage-first heap   total 165888K, used 149044K [0x0000000080000000, 0x0000000100000000)
  region size 1024K, 59 young (60416K), 2 survivors (2048K)
 Metaspace       used 80996K, committed 83392K, reserved 557056K
  class space    used 11473K, committed 12672K, reserved 425984K
}
Event: 23.228 GC heap after
{Heap after GC invocations=28 (full 0):
 garbage-first heap   total 165888K, used 93036K [0x0000000080000000, 0x0000000100000000)
  region size 1024K, 3 young (3072K), 3 survivors (3072K)
 Metaspace       used 80996K, committed 83392K, reserved 557056K
  class space    used 11473K, committed 12672K, reserved 425984K
}

